-------------------------------------------------------------------------------
Test set: my.app.AppTest
-------------------------------------------------------------------------------
Tests run: 3, Failures: 1, Errors: 0, Skipped: 0, Time elapsed: 0.294 s <<< FAILURE! - in my.app.AppTest
testRandomPop(my.app.AppTest)  Time elapsed: 0.08 s  <<< FAILURE!
org.junit.ComparisonFailure: expected:<"[Str]0"> but was:<"[A]0">
	at my.app.AppTest.testRandomPop(AppTest.java:46)

