<?xml version="1.0" encoding="UTF-8"?>
<testsuite xmlns:xsi="http://www.w3.org/2001/XMLSchema-instance" xsi:noNamespaceSchemaLocation="https://maven.apache.org/surefire/maven-surefire-plugin/xsd/surefire-test-report.xsd" name="my.app.andrey.RandomizedQueueTest" time="0.189" tests="1" errors="1" skipped="0" failures="0">
  <properties>
[...]
</properties>
  <testcase name="test1" classname="my.app.andrey.RandomizedQueueTest" time="0.111">
    <error message="Unresolved compilation problem: &#10;	StdRandom cannot be resolved&#10;" type="java.lang.Error">java.lang.Error: 
Unresolved compilation problem: 
	StdRandom cannot be resolved

	at my.app.andrey.RandomizedQueueTest.test1(RandomizedQueueTest.java:19)
</error>
  </testcase>
</testsuite>